


ARM Macro Assembler    Page 1 


    1 00000000         
    2 00000000                 AREA             Datos, DATA, ALIGN=4
    3 00000000         
    4 00000000         
    5 00000000 E01FC080 
                       PLL_BASE
                               EQU              0xE01FC080  ; PLL Base Address
    6 00000000 00000000 
                       PLLCON_OFS
                               EQU              0x00        ; PLL Control Offse
                                                            t
    7 00000000 00000004 
                       PLLCFG_OFS
                               EQU              0x04        ; PLL Configuration
                                                             Offset
    8 00000000 00000008 
                       PLLSTAT_OFS
                               EQU              0x08        ; PLL Status Offset
                                                            
    9 00000000 0000000C 
                       PLLFEED_OFS
                               EQU              0x0C        ; PLL Feed Offset
   10 00000000 00000001 
                       PLLCON_PLLE
                               EQU              (1<<0)      ; PLL Enable
   11 00000000 00000400 
                       PLLSTAT_PLOCK
                               EQU              (1<<10)     ; PLL Lock Status 
   12 00000000 00000024 
                       PLLCFG_Val
                               EQU              0x00000024
   13 00000000 00000002 
                       PLLCON_PLLC
                               EQU              (1<<1)      ; PLL Connect
   14 00000000         
   15 00000000                 AREA             Codigo, CODE
   16 00000000                 EXPORT           reiniciarPLL
   17 00000000                 PRESERVE8        {TRUE}
   18 00000000         ENTRY
   19 00000000         
   20 00000000         reiniciarPLL
   21 00000000         
   22 00000000 E59F003C        LDR              R0, =PLL_BASE
   23 00000004 E3A010AA        MOV              R1, #0xAA
   24 00000008 E3A02055        MOV              R2, #0x55
   25 0000000C         
   26 0000000C         ;  Configure and Enable PLL
   27 0000000C E3A03024        MOV              R3, #PLLCFG_Val
   28 00000010 E5803004        STR              R3, [R0, #PLLCFG_OFS]
   29 00000014 E3A03001        MOV              R3, #PLLCON_PLLE
   30 00000018 E5803000        STR              R3, [R0, #PLLCON_OFS]
   31 0000001C E580100C        STR              R1, [R0, #PLLFEED_OFS]
   32 00000020 E580200C        STR              R2, [R0, #PLLFEED_OFS]
   33 00000024         
   34 00000024         ;  Wait until PLL Locked
   35 00000024         PLL_Loop
   36 00000024 E5903008        LDR              R3, [R0, #PLLSTAT_OFS]
   37 00000028 E2133B01        ANDS             R3, R3, #PLLSTAT_PLOCK
   38 0000002C 0AFFFFFC        BEQ              PLL_Loop



ARM Macro Assembler    Page 2 


   39 00000030         
   40 00000030         ;  Switch to PLL Clock
   41 00000030 E3A03003        MOV              R3, #(PLLCON_PLLE:OR:PLLCON_PLL
C)
   42 00000034 E5803000        STR              R3, [R0, #PLLCON_OFS]
   43 00000038 E580100C        STR              R1, [R0, #PLLFEED_OFS]
   44 0000003C E580200C        STR              R2, [R0, #PLLFEED_OFS]
   45 00000040 E12FFF1E        BX               LR
   46 00000044                 END
              E01FC080 
Command Line: --debug --xref --diag_suppress=9931 --apcs=interwork --depend=.\o
bjects\reiniciarpll.d -o.\objects\reiniciarpll.o -IC:\Keil_v5\ARM\RV31\INC -IC:
\Keil_v5\ARM\CMSIS\Include -IC:\Keil_v5\ARM\INC\Philips --predefine="__EVAL SET
A 1" --predefine="__UVISION_VERSION SETA 526" --list=.\listings\reiniciarpll.ls
t reiniciarPLL.s



ARM Macro Assembler    Page 1 Alphabetic symbol ordering
Relocatable symbols

Datos 00000000

Symbol: Datos
   Definitions
      At line 2 in file reiniciarPLL.s
   Uses
      None
Comment: Datos unused
1 symbol



ARM Macro Assembler    Page 1 Alphabetic symbol ordering
Relocatable symbols

Codigo 00000000

Symbol: Codigo
   Definitions
      At line 15 in file reiniciarPLL.s
   Uses
      None
Comment: Codigo unused
ENTRY 00000000

Symbol: ENTRY
   Definitions
      At line 18 in file reiniciarPLL.s
   Uses
      None
Comment: ENTRY unused
PLL_Loop 00000024

Symbol: PLL_Loop
   Definitions
      At line 35 in file reiniciarPLL.s
   Uses
      At line 38 in file reiniciarPLL.s
Comment: PLL_Loop used once
reiniciarPLL 00000000

Symbol: reiniciarPLL
   Definitions
      At line 20 in file reiniciarPLL.s
   Uses
      At line 16 in file reiniciarPLL.s
Comment: reiniciarPLL used once
4 symbols



ARM Macro Assembler    Page 1 Alphabetic symbol ordering
Absolute symbols

PLLCFG_OFS 00000004

Symbol: PLLCFG_OFS
   Definitions
      At line 7 in file reiniciarPLL.s
   Uses
      At line 28 in file reiniciarPLL.s
Comment: PLLCFG_OFS used once
PLLCFG_Val 00000024

Symbol: PLLCFG_Val
   Definitions
      At line 12 in file reiniciarPLL.s
   Uses
      At line 27 in file reiniciarPLL.s
Comment: PLLCFG_Val used once
PLLCON_OFS 00000000

Symbol: PLLCON_OFS
   Definitions
      At line 6 in file reiniciarPLL.s
   Uses
      At line 30 in file reiniciarPLL.s
      At line 42 in file reiniciarPLL.s

PLLCON_PLLC 00000002

Symbol: PLLCON_PLLC
   Definitions
      At line 13 in file reiniciarPLL.s
   Uses
      At line 41 in file reiniciarPLL.s
Comment: PLLCON_PLLC used once
PLLCON_PLLE 00000001

Symbol: PLLCON_PLLE
   Definitions
      At line 10 in file reiniciarPLL.s
   Uses
      At line 29 in file reiniciarPLL.s
      At line 41 in file reiniciarPLL.s

PLLFEED_OFS 0000000C

Symbol: PLLFEED_OFS
   Definitions
      At line 9 in file reiniciarPLL.s
   Uses
      At line 31 in file reiniciarPLL.s
      At line 32 in file reiniciarPLL.s
      At line 43 in file reiniciarPLL.s
      At line 44 in file reiniciarPLL.s

PLLSTAT_OFS 00000008

Symbol: PLLSTAT_OFS
   Definitions
      At line 8 in file reiniciarPLL.s
   Uses



ARM Macro Assembler    Page 2 Alphabetic symbol ordering
Absolute symbols

      At line 36 in file reiniciarPLL.s
Comment: PLLSTAT_OFS used once
PLLSTAT_PLOCK 00000400

Symbol: PLLSTAT_PLOCK
   Definitions
      At line 11 in file reiniciarPLL.s
   Uses
      At line 37 in file reiniciarPLL.s
Comment: PLLSTAT_PLOCK used once
PLL_BASE E01FC080

Symbol: PLL_BASE
   Definitions
      At line 5 in file reiniciarPLL.s
   Uses
      At line 22 in file reiniciarPLL.s
Comment: PLL_BASE used once
9 symbols
348 symbols in table
